[debug] [2024-03-08T22:30:00.863Z] ----------------------------------------------------------------------
[debug] [2024-03-08T22:30:00.867Z] Command:       C:\Program Files\nodejs\node.exe C:\Users\Miish\AppData\Roaming\npm\node_modules\firebase-tools\lib\bin\firebase.js init
[debug] [2024-03-08T22:30:00.867Z] CLI Version:   13.4.0
[debug] [2024-03-08T22:30:00.868Z] Platform:      win32
[debug] [2024-03-08T22:30:00.868Z] Node Version:  v20.11.0
[debug] [2024-03-08T22:30:00.868Z] Time:          Fri Mar 08 2024 15:30:00 GMT-0700 (Mountain Standard Time)
[debug] [2024-03-08T22:30:00.868Z] ----------------------------------------------------------------------
[debug] 
[debug] [2024-03-08T22:30:00.872Z] >>> [apiv2][query] GET https://firebase-public.firebaseio.com/cli.json [none]
[debug] [2024-03-08T22:30:00.941Z] > command requires scopes: ["email","openid","https://www.googleapis.com/auth/cloudplatformprojects.readonly","https://www.googleapis.com/auth/firebase","https://www.googleapis.com/auth/cloud-platform"]
[debug] [2024-03-08T22:30:00.942Z] > authorizing via signed-in user (miglyons19@gmail.com)
[info] 
     ######## #### ########  ######## ########     ###     ######  ########
     ##        ##  ##     ## ##       ##     ##  ##   ##  ##       ##
     ######    ##  ########  ######   ########  #########  ######  ######
     ##        ##  ##    ##  ##       ##     ## ##     ##       ## ##
     ##       #### ##     ## ######## ########  ##     ##  ######  ########

You're about to initialize a Firebase project in this directory:

  C:\Users\Miish\desktop\webapp\SecuringFunding

[debug] [2024-03-08T22:30:01.177Z] <<< [apiv2][status] GET https://firebase-public.firebaseio.com/cli.json 200
[debug] [2024-03-08T22:30:01.178Z] <<< [apiv2][body] GET https://firebase-public.firebaseio.com/cli.json {"cloudBuildErrorAfter":1594252800000,"cloudBuildWarnAfter":1590019200000,"defaultNode10After":1594252800000,"minVersion":"3.0.5","node8DeploysDisabledAfter":1613390400000,"node8RuntimeDisabledAfter":1615809600000,"node8WarnAfter":1600128000000}
